<?xml version="1.0" encoding="UTF-8"?>
<!-- Generated by org.testng.reporters.JUnitReportReporter -->
<testsuite hostname="DEMON-PC" failures="0" tests="1" name="testCases.TC001_LoginTest" time="3.709" errors="0" timestamp="2024-08-26T19:36:20 IST" skipped="0">
  <testcase classname="testCases.TC001_LoginTest" name="verify_login" time="3.709"/>
</testsuite> <!-- testCases.TC001_LoginTest -->
