<?xml version="1.0" encoding="UTF-8"?>
<!-- Generated by org.testng.reporters.JUnitReportReporter -->
<testsuite hostname="DEMON-PC" failures="0" tests="1" name="testCases.TC003_LogoutTest" time="4.936" errors="0" timestamp="2024-09-07T20:49:40 IST" skipped="0">
  <testcase classname="testCases.TC003_LogoutTest" name="VerifyLogout" time="4.936"/>
</testsuite> <!-- testCases.TC003_LogoutTest -->
