<?xml version="1.0" encoding="UTF-8"?>
<!-- Generated by org.testng.reporters.JUnitReportReporter -->
<testsuite hostname="DEMON-PC" failures="0" tests="1" name="testCases.TC002_MakeAppointmentTest" time="2.640" errors="0" timestamp="2024-09-12T11:05:06 IST" skipped="0">
  <testcase classname="testCases.TC002_MakeAppointmentTest" name="makeAppointment" time="2.640"/>
</testsuite> <!-- testCases.TC002_MakeAppointmentTest -->
